<?xml version="1.0" encoding="UTF-8"?>
<testsuite xmlns:xsi="http://www.w3.org/2001/XMLSchema-instance" xsi:noNamespaceSchemaLocation="https://maven.apache.org/surefire/maven-surefire-plugin/xsd/surefire-test-report.xsd" name="TicTacToeTest" time="0.33" tests="15" errors="0" skipped="0" failures="0">
  <properties>
[...]
</properties>
  <testcase name="MinMax" classname="TicTacToeTest" time="0.009"/>
  <testcase name="BestPossibleMove2" classname="TicTacToeTest" time="0.072"/>
  <testcase name="BestPossibleMove3" classname="TicTacToeTest" time="0.048"/>
  <testcase name="BoardSpot0" classname="TicTacToeTest" time="0.009"/>
  <testcase name="BoardSpot1" classname="TicTacToeTest" time="0.01"/>
  <testcase name="BoardSpot2" classname="TicTacToeTest" time="0.012"/>
  <testcase name="BoardSpot3" classname="TicTacToeTest" time="0.009"/>
  <testcase name="BoardSpot4" classname="TicTacToeTest" time="0.01"/>
  <testcase name="BoardSpot5" classname="TicTacToeTest" time="0.015"/>
  <testcase name="BoardSpot6" classname="TicTacToeTest" time="0.01"/>
  <testcase name="BoardSpot7" classname="TicTacToeTest" time="0.01"/>
  <testcase name="BoardSpot8" classname="TicTacToeTest" time="0.013"/>
  <testcase name="Node" classname="TicTacToeTest" time="0"/>
  <testcase name="BestPossibleMove" classname="TicTacToeTest" time="0.048"/>
  <testcase name="AI_MinMax" classname="TicTacToeTest" time="0.051"/>
</testsuite>